[17-Feb-2025 10:43:04 UTC] Input Parameters: userId = 373, contentLength = 100, numPrompts = 5, numDetails = 3
[17-Feb-2025 10:43:04 UTC] SQL Query executed. Number of rows returned: 5
[17-Feb-2025 10:43:04 UTC] Generated Prompts: Array
(
    [0] => Generate a tip of between 100 plus or minus 50 characters about Smoking Cessation for someone who:
- When Do You Plan to Quit: Date Set
- After Waking, How Long Do You Wait Before Having Your First Cigarette: More than 30 minutes
    [1] => Generate a tip of between 100 plus or minus 50 characters about Alcohol Dependency for someone who:
- Living Situation: I live with smokers
    [2] => Generate a tip of between 100 plus or minus 50 characters about Obesity for someone who:
- Frequency of exercise: 26 (Hours of exercise a week)
    [3] => Generate a tip of between 100 plus or minus 50 characters about Alcohol Dependency for someone who:
- Living Situation: I live with smokers
    [4] => Generate a tip of between 100 plus or minus 50 characters about Smoking Cessation for someone who:
- When Do You Plan to Quit: Date Set
- Smoking Habits: 17 (Number of Years Smoking)
)

[17-Feb-2025 10:44:33 UTC] Received input: Array
(
    [userId] => 373
    [contentLength] => 100
    [numDetails] => 3
)

[17-Feb-2025 10:44:33 UTC] Error: Missing required parameters
[17-Feb-2025 11:49:59 UTC] Received input: Array
(
    [userId] => 373
    [contentLength] => 100
    [numDetails] => 3
)

[17-Feb-2025 11:49:59 UTC] Error: Missing required parameters
